[2023-04-30 05:17:32,954] 186 werkzeug - INFO - [31m[1mWARNING: This is a development server. Do not use it in a production deployment. Use a production WSGI server instead.[0m
 * Running on all addresses (0.0.0.0)
 * Running on http://127.0.0.1:8000
 * Running on http://10.5.170.168:8000
[2023-04-30 05:17:32,955] 186 werkzeug - INFO - [33mPress CTRL+C to quit[0m
[2023-04-30 05:17:56,995] 186 werkzeug - INFO - 127.0.0.1 - - [30/Apr/2023 05:17:56] "GET / HTTP/1.1" 200 -
[2023-04-30 05:17:57,142] 186 werkzeug - INFO - 127.0.0.1 - - [30/Apr/2023 05:17:57] "[36mGET /static/css/index.css HTTP/1.1[0m" 304 -
[2023-04-30 05:17:57,179] 186 werkzeug - INFO - 127.0.0.1 - - [30/Apr/2023 05:17:57] "[36mGET /static/Images/Satyajeet.jpg HTTP/1.1[0m" 304 -
[2023-04-30 05:17:57,200] 186 werkzeug - INFO - 127.0.0.1 - - [30/Apr/2023 05:17:57] "[36mGET /static/Images/Anshul.jpg HTTP/1.1[0m" 304 -
[2023-04-30 05:17:57,204] 186 werkzeug - INFO - 127.0.0.1 - - [30/Apr/2023 05:17:57] "[36mGET /static/Images/Shahil.jpg HTTP/1.1[0m" 304 -
[2023-04-30 05:17:57,217] 186 werkzeug - INFO - 127.0.0.1 - - [30/Apr/2023 05:17:57] "[36mGET /static/Images/Shruti.jpg HTTP/1.1[0m" 304 -
[2023-04-30 05:17:58,156] 186 werkzeug - INFO - 127.0.0.1 - - [30/Apr/2023 05:17:58] "GET /favicon.ico HTTP/1.1" 200 -
[2023-04-30 05:17:59,735] 186 werkzeug - INFO - 127.0.0.1 - - [30/Apr/2023 05:17:59] "GET /index HTTP/1.1" 200 -
[2023-04-30 05:17:59,848] 186 werkzeug - INFO - 127.0.0.1 - - [30/Apr/2023 05:17:59] "[36mGET /static/css/index.css HTTP/1.1[0m" 304 -
[2023-04-30 05:18:01,163] 186 werkzeug - INFO - 127.0.0.1 - - [30/Apr/2023 05:18:01] "GET /cam HTTP/1.1" 200 -
[2023-04-30 05:18:01,228] 186 werkzeug - INFO - 127.0.0.1 - - [30/Apr/2023 05:18:01] "GET /favicon.ico HTTP/1.1" 200 -
[2023-04-30 05:18:25,625] 1414 application - ERROR - Exception on /close_cam [GET]
Traceback (most recent call last):
  File "c:\Users\KIIT\Documents\GitHub\Music-Recommendation\venv\lib\site-packages\flask\app.py", line 2190, in wsgi_app
    response = self.full_dispatch_request()
  File "c:\Users\KIIT\Documents\GitHub\Music-Recommendation\venv\lib\site-packages\flask\app.py", line 1486, in full_dispatch_request
    rv = self.handle_user_exception(e)
  File "c:\Users\KIIT\Documents\GitHub\Music-Recommendation\venv\lib\site-packages\flask\app.py", line 1484, in full_dispatch_request
    rv = self.dispatch_request()
  File "c:\Users\KIIT\Documents\GitHub\Music-Recommendation\venv\lib\site-packages\flask\app.py", line 1469, in dispatch_request
    return self.ensure_sync(self.view_functions[rule.endpoint])(**view_args)
  File "application.py", line 37, in close_camera
    return render_template('suggestion.html', songs)
TypeError: render_template() takes 1 positional argument but 2 were given
[2023-04-30 05:18:25,689] 186 werkzeug - INFO - 127.0.0.1 - - [30/Apr/2023 05:18:25] "[35m[1mGET /close_cam HTTP/1.1[0m" 500 -
[2023-04-30 05:18:34,687] 1414 application - ERROR - Exception on /close_cam [GET]
Traceback (most recent call last):
  File "c:\Users\KIIT\Documents\GitHub\Music-Recommendation\venv\lib\site-packages\flask\app.py", line 2190, in wsgi_app
    response = self.full_dispatch_request()
  File "c:\Users\KIIT\Documents\GitHub\Music-Recommendation\venv\lib\site-packages\flask\app.py", line 1486, in full_dispatch_request
    rv = self.handle_user_exception(e)
  File "c:\Users\KIIT\Documents\GitHub\Music-Recommendation\venv\lib\site-packages\flask\app.py", line 1484, in full_dispatch_request
    rv = self.dispatch_request()
  File "c:\Users\KIIT\Documents\GitHub\Music-Recommendation\venv\lib\site-packages\flask\app.py", line 1469, in dispatch_request
    return self.ensure_sync(self.view_functions[rule.endpoint])(**view_args)
  File "application.py", line 37, in close_camera
    return render_template('suggestion.html', songs)
TypeError: render_template() takes 1 positional argument but 2 were given
[2023-04-30 05:18:34,701] 186 werkzeug - INFO - 127.0.0.1 - - [30/Apr/2023 05:18:34] "[35m[1mGET /close_cam HTTP/1.1[0m" 500 -
[2023-04-30 05:18:54,892] 1414 application - ERROR - Exception on /close_cam [GET]
Traceback (most recent call last):
  File "c:\Users\KIIT\Documents\GitHub\Music-Recommendation\venv\lib\site-packages\flask\app.py", line 2190, in wsgi_app
    response = self.full_dispatch_request()
  File "c:\Users\KIIT\Documents\GitHub\Music-Recommendation\venv\lib\site-packages\flask\app.py", line 1486, in full_dispatch_request
    rv = self.handle_user_exception(e)
  File "c:\Users\KIIT\Documents\GitHub\Music-Recommendation\venv\lib\site-packages\flask\app.py", line 1484, in full_dispatch_request
    rv = self.dispatch_request()
  File "c:\Users\KIIT\Documents\GitHub\Music-Recommendation\venv\lib\site-packages\flask\app.py", line 1469, in dispatch_request
    return self.ensure_sync(self.view_functions[rule.endpoint])(**view_args)
  File "application.py", line 37, in close_camera
    return render_template('suggestion.html', songs)
TypeError: render_template() takes 1 positional argument but 2 were given
[2023-04-30 05:18:54,895] 186 werkzeug - INFO - 127.0.0.1 - - [30/Apr/2023 05:18:54] "[35m[1mGET /close_cam HTTP/1.1[0m" 500 -
[2023-04-30 05:19:04,610] 1414 application - ERROR - Exception on /close_cam [GET]
Traceback (most recent call last):
  File "c:\Users\KIIT\Documents\GitHub\Music-Recommendation\venv\lib\site-packages\flask\app.py", line 2190, in wsgi_app
    response = self.full_dispatch_request()
  File "c:\Users\KIIT\Documents\GitHub\Music-Recommendation\venv\lib\site-packages\flask\app.py", line 1486, in full_dispatch_request
    rv = self.handle_user_exception(e)
  File "c:\Users\KIIT\Documents\GitHub\Music-Recommendation\venv\lib\site-packages\flask\app.py", line 1484, in full_dispatch_request
    rv = self.dispatch_request()
  File "c:\Users\KIIT\Documents\GitHub\Music-Recommendation\venv\lib\site-packages\flask\app.py", line 1469, in dispatch_request
    return self.ensure_sync(self.view_functions[rule.endpoint])(**view_args)
  File "application.py", line 37, in close_camera
    return render_template('suggestion.html', songs)
TypeError: render_template() takes 1 positional argument but 2 were given
[2023-04-30 05:19:04,615] 186 werkzeug - INFO - 127.0.0.1 - - [30/Apr/2023 05:19:04] "[35m[1mGET /close_cam HTTP/1.1[0m" 500 -
[2023-04-30 05:19:04,841] 1414 application - ERROR - Exception on /close_cam [GET]
Traceback (most recent call last):
  File "c:\Users\KIIT\Documents\GitHub\Music-Recommendation\venv\lib\site-packages\flask\app.py", line 2190, in wsgi_app
    response = self.full_dispatch_request()
  File "c:\Users\KIIT\Documents\GitHub\Music-Recommendation\venv\lib\site-packages\flask\app.py", line 1486, in full_dispatch_request
    rv = self.handle_user_exception(e)
  File "c:\Users\KIIT\Documents\GitHub\Music-Recommendation\venv\lib\site-packages\flask\app.py", line 1484, in full_dispatch_request
    rv = self.dispatch_request()
  File "c:\Users\KIIT\Documents\GitHub\Music-Recommendation\venv\lib\site-packages\flask\app.py", line 1469, in dispatch_request
    return self.ensure_sync(self.view_functions[rule.endpoint])(**view_args)
  File "application.py", line 37, in close_camera
    return render_template('suggestion.html', songs)
TypeError: render_template() takes 1 positional argument but 2 were given
[2023-04-30 05:19:04,844] 186 werkzeug - INFO - 127.0.0.1 - - [30/Apr/2023 05:19:04] "[35m[1mGET /close_cam HTTP/1.1[0m" 500 -
[2023-04-30 05:19:05,490] 1414 application - ERROR - Exception on /close_cam [GET]
Traceback (most recent call last):
  File "c:\Users\KIIT\Documents\GitHub\Music-Recommendation\venv\lib\site-packages\flask\app.py", line 2190, in wsgi_app
    response = self.full_dispatch_request()
  File "c:\Users\KIIT\Documents\GitHub\Music-Recommendation\venv\lib\site-packages\flask\app.py", line 1486, in full_dispatch_request
    rv = self.handle_user_exception(e)
  File "c:\Users\KIIT\Documents\GitHub\Music-Recommendation\venv\lib\site-packages\flask\app.py", line 1484, in full_dispatch_request
    rv = self.dispatch_request()
  File "c:\Users\KIIT\Documents\GitHub\Music-Recommendation\venv\lib\site-packages\flask\app.py", line 1469, in dispatch_request
    return self.ensure_sync(self.view_functions[rule.endpoint])(**view_args)
  File "application.py", line 37, in close_camera
    return render_template('suggestion.html', songs)
TypeError: render_template() takes 1 positional argument but 2 were given
[2023-04-30 05:19:05,495] 186 werkzeug - INFO - 127.0.0.1 - - [30/Apr/2023 05:19:05] "[35m[1mGET /close_cam HTTP/1.1[0m" 500 -
[2023-04-30 05:19:05,759] 1414 application - ERROR - Exception on /close_cam [GET]
Traceback (most recent call last):
  File "c:\Users\KIIT\Documents\GitHub\Music-Recommendation\venv\lib\site-packages\flask\app.py", line 2190, in wsgi_app
    response = self.full_dispatch_request()
  File "c:\Users\KIIT\Documents\GitHub\Music-Recommendation\venv\lib\site-packages\flask\app.py", line 1486, in full_dispatch_request
    rv = self.handle_user_exception(e)
  File "c:\Users\KIIT\Documents\GitHub\Music-Recommendation\venv\lib\site-packages\flask\app.py", line 1484, in full_dispatch_request
    rv = self.dispatch_request()
  File "c:\Users\KIIT\Documents\GitHub\Music-Recommendation\venv\lib\site-packages\flask\app.py", line 1469, in dispatch_request
    return self.ensure_sync(self.view_functions[rule.endpoint])(**view_args)
  File "application.py", line 37, in close_camera
    return render_template('suggestion.html', songs)
TypeError: render_template() takes 1 positional argument but 2 were given
[2023-04-30 05:19:05,771] 186 werkzeug - INFO - 127.0.0.1 - - [30/Apr/2023 05:19:05] "[35m[1mGET /close_cam HTTP/1.1[0m" 500 -
[2023-04-30 05:19:05,994] 1414 application - ERROR - Exception on /close_cam [GET]
Traceback (most recent call last):
  File "c:\Users\KIIT\Documents\GitHub\Music-Recommendation\venv\lib\site-packages\flask\app.py", line 2190, in wsgi_app
    response = self.full_dispatch_request()
  File "c:\Users\KIIT\Documents\GitHub\Music-Recommendation\venv\lib\site-packages\flask\app.py", line 1486, in full_dispatch_request
    rv = self.handle_user_exception(e)
  File "c:\Users\KIIT\Documents\GitHub\Music-Recommendation\venv\lib\site-packages\flask\app.py", line 1484, in full_dispatch_request
    rv = self.dispatch_request()
  File "c:\Users\KIIT\Documents\GitHub\Music-Recommendation\venv\lib\site-packages\flask\app.py", line 1469, in dispatch_request
    return self.ensure_sync(self.view_functions[rule.endpoint])(**view_args)
  File "application.py", line 37, in close_camera
    return render_template('suggestion.html', songs)
TypeError: render_template() takes 1 positional argument but 2 were given
[2023-04-30 05:19:06,007] 186 werkzeug - INFO - 127.0.0.1 - - [30/Apr/2023 05:19:06] "[35m[1mGET /close_cam HTTP/1.1[0m" 500 -
[2023-04-30 05:19:06,032] 1414 application - ERROR - Exception on /close_cam [GET]
Traceback (most recent call last):
  File "c:\Users\KIIT\Documents\GitHub\Music-Recommendation\venv\lib\site-packages\flask\app.py", line 2190, in wsgi_app
    response = self.full_dispatch_request()
  File "c:\Users\KIIT\Documents\GitHub\Music-Recommendation\venv\lib\site-packages\flask\app.py", line 1486, in full_dispatch_request
    rv = self.handle_user_exception(e)
  File "c:\Users\KIIT\Documents\GitHub\Music-Recommendation\venv\lib\site-packages\flask\app.py", line 1484, in full_dispatch_request
    rv = self.dispatch_request()
  File "c:\Users\KIIT\Documents\GitHub\Music-Recommendation\venv\lib\site-packages\flask\app.py", line 1469, in dispatch_request
    return self.ensure_sync(self.view_functions[rule.endpoint])(**view_args)
  File "application.py", line 37, in close_camera
    return render_template('suggestion.html', songs)
TypeError: render_template() takes 1 positional argument but 2 were given
[2023-04-30 05:19:06,037] 186 werkzeug - INFO - 127.0.0.1 - - [30/Apr/2023 05:19:06] "[35m[1mGET /close_cam HTTP/1.1[0m" 500 -
[2023-04-30 05:19:06,170] 1414 application - ERROR - Exception on /close_cam [GET]
Traceback (most recent call last):
  File "c:\Users\KIIT\Documents\GitHub\Music-Recommendation\venv\lib\site-packages\flask\app.py", line 2190, in wsgi_app
    response = self.full_dispatch_request()
  File "c:\Users\KIIT\Documents\GitHub\Music-Recommendation\venv\lib\site-packages\flask\app.py", line 1486, in full_dispatch_request
    rv = self.handle_user_exception(e)
  File "c:\Users\KIIT\Documents\GitHub\Music-Recommendation\venv\lib\site-packages\flask\app.py", line 1484, in full_dispatch_request
    rv = self.dispatch_request()
  File "c:\Users\KIIT\Documents\GitHub\Music-Recommendation\venv\lib\site-packages\flask\app.py", line 1469, in dispatch_request
    return self.ensure_sync(self.view_functions[rule.endpoint])(**view_args)
  File "application.py", line 37, in close_camera
    return render_template('suggestion.html', songs)
TypeError: render_template() takes 1 positional argument but 2 were given
[2023-04-30 05:19:06,171] 1414 application - ERROR - Exception on /close_cam [GET]
Traceback (most recent call last):
  File "c:\Users\KIIT\Documents\GitHub\Music-Recommendation\venv\lib\site-packages\flask\app.py", line 2190, in wsgi_app
    response = self.full_dispatch_request()
  File "c:\Users\KIIT\Documents\GitHub\Music-Recommendation\venv\lib\site-packages\flask\app.py", line 1486, in full_dispatch_request
    rv = self.handle_user_exception(e)
  File "c:\Users\KIIT\Documents\GitHub\Music-Recommendation\venv\lib\site-packages\flask\app.py", line 1484, in full_dispatch_request
    rv = self.dispatch_request()
  File "c:\Users\KIIT\Documents\GitHub\Music-Recommendation\venv\lib\site-packages\flask\app.py", line 1469, in dispatch_request
    return self.ensure_sync(self.view_functions[rule.endpoint])(**view_args)
  File "application.py", line 37, in close_camera
    return render_template('suggestion.html', songs)
TypeError: render_template() takes 1 positional argument but 2 were given
[2023-04-30 05:19:06,174] 186 werkzeug - INFO - 127.0.0.1 - - [30/Apr/2023 05:19:06] "[35m[1mGET /close_cam HTTP/1.1[0m" 500 -
[2023-04-30 05:19:06,182] 186 werkzeug - INFO - 127.0.0.1 - - [30/Apr/2023 05:19:06] "[35m[1mGET /close_cam HTTP/1.1[0m" 500 -
[2023-04-30 05:19:06,487] 1414 application - ERROR - Exception on /close_cam [GET]
Traceback (most recent call last):
  File "c:\Users\KIIT\Documents\GitHub\Music-Recommendation\venv\lib\site-packages\flask\app.py", line 2190, in wsgi_app
    response = self.full_dispatch_request()
  File "c:\Users\KIIT\Documents\GitHub\Music-Recommendation\venv\lib\site-packages\flask\app.py", line 1486, in full_dispatch_request
    rv = self.handle_user_exception(e)
  File "c:\Users\KIIT\Documents\GitHub\Music-Recommendation\venv\lib\site-packages\flask\app.py", line 1484, in full_dispatch_request
    rv = self.dispatch_request()
  File "c:\Users\KIIT\Documents\GitHub\Music-Recommendation\venv\lib\site-packages\flask\app.py", line 1469, in dispatch_request
    return self.ensure_sync(self.view_functions[rule.endpoint])(**view_args)
  File "application.py", line 37, in close_camera
    return render_template('suggestion.html', songs)
TypeError: render_template() takes 1 positional argument but 2 were given
[2023-04-30 05:19:06,490] 186 werkzeug - INFO - 127.0.0.1 - - [30/Apr/2023 05:19:06] "[35m[1mGET /close_cam HTTP/1.1[0m" 500 -
[2023-04-30 05:19:13,804] 1414 application - ERROR - Exception on /close_cam [GET]
Traceback (most recent call last):
  File "c:\Users\KIIT\Documents\GitHub\Music-Recommendation\venv\lib\site-packages\flask\app.py", line 2190, in wsgi_app
    response = self.full_dispatch_request()
  File "c:\Users\KIIT\Documents\GitHub\Music-Recommendation\venv\lib\site-packages\flask\app.py", line 1486, in full_dispatch_request
    rv = self.handle_user_exception(e)
  File "c:\Users\KIIT\Documents\GitHub\Music-Recommendation\venv\lib\site-packages\flask\app.py", line 1484, in full_dispatch_request
    rv = self.dispatch_request()
  File "c:\Users\KIIT\Documents\GitHub\Music-Recommendation\venv\lib\site-packages\flask\app.py", line 1469, in dispatch_request
    return self.ensure_sync(self.view_functions[rule.endpoint])(**view_args)
  File "application.py", line 37, in close_camera
    return render_template('suggestion.html', songs)
TypeError: render_template() takes 1 positional argument but 2 were given
[2023-04-30 05:19:13,807] 186 werkzeug - INFO - 127.0.0.1 - - [30/Apr/2023 05:19:13] "[35m[1mGET /close_cam HTTP/1.1[0m" 500 -
[2023-04-30 05:19:14,302] 186 werkzeug - INFO - 127.0.0.1 - - [30/Apr/2023 05:19:14] "GET /favicon.ico HTTP/1.1" 200 -
