[2023-05-01 14:38:38,604] 186 werkzeug - INFO - [31m[1mWARNING: This is a development server. Do not use it in a production deployment. Use a production WSGI server instead.[0m
 * Running on all addresses (0.0.0.0)
 * Running on http://127.0.0.1:8000
 * Running on http://10.5.170.168:8000
[2023-05-01 14:38:38,605] 186 werkzeug - INFO - [33mPress CTRL+C to quit[0m
[2023-05-01 14:38:58,951] 1414 application - ERROR - Exception on /close_cam [GET]
Traceback (most recent call last):
  File "C:\Users\KIIT\Documents\GitHub\Music-Recommendation\venv\lib\site-packages\flask\app.py", line 2190, in wsgi_app
    response = self.full_dispatch_request()
  File "C:\Users\KIIT\Documents\GitHub\Music-Recommendation\venv\lib\site-packages\flask\app.py", line 1486, in full_dispatch_request
    rv = self.handle_user_exception(e)
  File "C:\Users\KIIT\Documents\GitHub\Music-Recommendation\venv\lib\site-packages\flask\app.py", line 1484, in full_dispatch_request
    rv = self.dispatch_request()
  File "C:\Users\KIIT\Documents\GitHub\Music-Recommendation\venv\lib\site-packages\flask\app.py", line 1469, in dispatch_request
    return self.ensure_sync(self.view_functions[rule.endpoint])(**view_args)
  File "application.py", line 37, in close_camera
    return render_template('suggestion1.html', track=songs)
  File "C:\Users\KIIT\Documents\GitHub\Music-Recommendation\venv\lib\site-packages\flask\templating.py", line 150, in render_template
    template = app.jinja_env.get_or_select_template(template_name_or_list)
  File "C:\Users\KIIT\Documents\GitHub\Music-Recommendation\venv\lib\site-packages\jinja2\environment.py", line 1081, in get_or_select_template
    return self.get_template(template_name_or_list, parent, globals)
  File "C:\Users\KIIT\Documents\GitHub\Music-Recommendation\venv\lib\site-packages\jinja2\environment.py", line 1010, in get_template
    return self._load_template(name, globals)
  File "C:\Users\KIIT\Documents\GitHub\Music-Recommendation\venv\lib\site-packages\jinja2\environment.py", line 969, in _load_template
    template = self.loader.load(self, name, self.make_globals(globals))
  File "C:\Users\KIIT\Documents\GitHub\Music-Recommendation\venv\lib\site-packages\jinja2\loaders.py", line 138, in load
    code = environment.compile(source, name, filename)
  File "C:\Users\KIIT\Documents\GitHub\Music-Recommendation\venv\lib\site-packages\jinja2\environment.py", line 768, in compile
    self.handle_exception(source=source_hint)
  File "C:\Users\KIIT\Documents\GitHub\Music-Recommendation\venv\lib\site-packages\jinja2\environment.py", line 936, in handle_exception
    raise rewrite_traceback_stack(source=source)
  File "C:\Users\KIIT\Documents\GitHub\Music-Recommendation\templates\suggestion1.html", line 18, in template
    {% comment %} <script>
jinja2.exceptions.TemplateSyntaxError: Encountered unknown tag 'comment'.
[2023-05-01 14:38:58,952] 1414 application - ERROR - Exception on /close_cam [GET]
Traceback (most recent call last):
  File "C:\Users\KIIT\Documents\GitHub\Music-Recommendation\venv\lib\site-packages\flask\app.py", line 2190, in wsgi_app
    response = self.full_dispatch_request()
  File "C:\Users\KIIT\Documents\GitHub\Music-Recommendation\venv\lib\site-packages\flask\app.py", line 1486, in full_dispatch_request
    rv = self.handle_user_exception(e)
  File "C:\Users\KIIT\Documents\GitHub\Music-Recommendation\venv\lib\site-packages\flask\app.py", line 1484, in full_dispatch_request
    rv = self.dispatch_request()
  File "C:\Users\KIIT\Documents\GitHub\Music-Recommendation\venv\lib\site-packages\flask\app.py", line 1469, in dispatch_request
    return self.ensure_sync(self.view_functions[rule.endpoint])(**view_args)
  File "application.py", line 37, in close_camera
    return render_template('suggestion1.html', track=songs)
  File "C:\Users\KIIT\Documents\GitHub\Music-Recommendation\venv\lib\site-packages\flask\templating.py", line 150, in render_template
    template = app.jinja_env.get_or_select_template(template_name_or_list)
  File "C:\Users\KIIT\Documents\GitHub\Music-Recommendation\venv\lib\site-packages\jinja2\environment.py", line 1081, in get_or_select_template
    return self.get_template(template_name_or_list, parent, globals)
  File "C:\Users\KIIT\Documents\GitHub\Music-Recommendation\venv\lib\site-packages\jinja2\environment.py", line 1010, in get_template
    return self._load_template(name, globals)
  File "C:\Users\KIIT\Documents\GitHub\Music-Recommendation\venv\lib\site-packages\jinja2\environment.py", line 969, in _load_template
    template = self.loader.load(self, name, self.make_globals(globals))
  File "C:\Users\KIIT\Documents\GitHub\Music-Recommendation\venv\lib\site-packages\jinja2\loaders.py", line 138, in load
    code = environment.compile(source, name, filename)
  File "C:\Users\KIIT\Documents\GitHub\Music-Recommendation\venv\lib\site-packages\jinja2\environment.py", line 768, in compile
    self.handle_exception(source=source_hint)
  File "C:\Users\KIIT\Documents\GitHub\Music-Recommendation\venv\lib\site-packages\jinja2\environment.py", line 936, in handle_exception
    raise rewrite_traceback_stack(source=source)
  File "C:\Users\KIIT\Documents\GitHub\Music-Recommendation\templates\suggestion1.html", line 18, in template
    {% comment %} <script>
jinja2.exceptions.TemplateSyntaxError: Encountered unknown tag 'comment'.
[2023-05-01 14:38:58,955] 186 werkzeug - INFO - 127.0.0.1 - - [01/May/2023 14:38:58] "[35m[1mGET /close_cam HTTP/1.1[0m" 500 -
[2023-05-01 14:38:58,956] 186 werkzeug - INFO - 127.0.0.1 - - [01/May/2023 14:38:58] "[35m[1mGET /close_cam HTTP/1.1[0m" 500 -
[2023-05-01 14:38:59,160] 186 werkzeug - INFO - 127.0.0.1 - - [01/May/2023 14:38:59] "GET /favicon.ico HTTP/1.1" 200 -
[2023-05-01 14:39:17,807] 1414 application - ERROR - Exception on /close_cam [GET]
Traceback (most recent call last):
  File "C:\Users\KIIT\Documents\GitHub\Music-Recommendation\venv\lib\site-packages\flask\app.py", line 2190, in wsgi_app
    response = self.full_dispatch_request()
  File "C:\Users\KIIT\Documents\GitHub\Music-Recommendation\venv\lib\site-packages\flask\app.py", line 1486, in full_dispatch_request
    rv = self.handle_user_exception(e)
  File "C:\Users\KIIT\Documents\GitHub\Music-Recommendation\venv\lib\site-packages\flask\app.py", line 1484, in full_dispatch_request
    rv = self.dispatch_request()
  File "C:\Users\KIIT\Documents\GitHub\Music-Recommendation\venv\lib\site-packages\flask\app.py", line 1469, in dispatch_request
    return self.ensure_sync(self.view_functions[rule.endpoint])(**view_args)
  File "application.py", line 37, in close_camera
    return render_template('suggestion1.html', track=songs)
  File "C:\Users\KIIT\Documents\GitHub\Music-Recommendation\venv\lib\site-packages\flask\templating.py", line 150, in render_template
    template = app.jinja_env.get_or_select_template(template_name_or_list)
  File "C:\Users\KIIT\Documents\GitHub\Music-Recommendation\venv\lib\site-packages\jinja2\environment.py", line 1081, in get_or_select_template
    return self.get_template(template_name_or_list, parent, globals)
  File "C:\Users\KIIT\Documents\GitHub\Music-Recommendation\venv\lib\site-packages\jinja2\environment.py", line 1010, in get_template
    return self._load_template(name, globals)
  File "C:\Users\KIIT\Documents\GitHub\Music-Recommendation\venv\lib\site-packages\jinja2\environment.py", line 969, in _load_template
    template = self.loader.load(self, name, self.make_globals(globals))
  File "C:\Users\KIIT\Documents\GitHub\Music-Recommendation\venv\lib\site-packages\jinja2\loaders.py", line 138, in load
    code = environment.compile(source, name, filename)
  File "C:\Users\KIIT\Documents\GitHub\Music-Recommendation\venv\lib\site-packages\jinja2\environment.py", line 768, in compile
    self.handle_exception(source=source_hint)
  File "C:\Users\KIIT\Documents\GitHub\Music-Recommendation\venv\lib\site-packages\jinja2\environment.py", line 936, in handle_exception
    raise rewrite_traceback_stack(source=source)
  File "C:\Users\KIIT\Documents\GitHub\Music-Recommendation\templates\suggestion1.html", line 18, in template
    {% comment %} <script>
jinja2.exceptions.TemplateSyntaxError: Encountered unknown tag 'comment'.
[2023-05-01 14:39:17,808] 186 werkzeug - INFO - 127.0.0.1 - - [01/May/2023 14:39:17] "[35m[1mGET /close_cam HTTP/1.1[0m" 500 -
[2023-05-01 14:39:18,027] 186 werkzeug - INFO - 127.0.0.1 - - [01/May/2023 14:39:18] "GET /favicon.ico HTTP/1.1" 200 -
